09:23 INFO    : Running for label 'injection', output will be saved to 'outdir/uniform/'
09:23 INFO    : Analysis priors:
09:23 INFO    : log10_mej_dyn=Uniform(minimum=-3.0, maximum=-1.7, name='log10_mej_dyn', latex_label='$\\log_{10}M^{\\rm{dyn}}_{\\rm{ej}}$', unit=None, boundary=None)
09:23 INFO    : vej_dyn=Uniform(minimum=0.12, maximum=0.25, name='vej_dyn', latex_label='$V^{\\rm{dyn}}_{\\rm{ej}}$', unit=None, boundary=None)
09:23 INFO    : Yedyn=Uniform(minimum=0.15, maximum=0.3, name='Yedyn', latex_label='$Y_{\\rm{edyn}}$', unit=None, boundary=None)
09:23 INFO    : log10_mej_wind=Uniform(minimum=-2.0, maximum=-0.89, name='log10_mej_wind', latex_label='$\\log_{10}M^{\\rm{wind}}_{\\rm{ej}}$', unit=None, boundary=None)
09:23 INFO    : vej_wind=Uniform(minimum=0.03, maximum=0.15, name='vej_wind', latex_label='$V^{\\rm{wind}}_{\\rm{ej}}$', unit=None, boundary=None)
09:23 INFO    : Yewind=Uniform(minimum=0.2, maximum=0.4, name='Yewind', latex_label='$Y_{\\rm{ewind}}$', unit=None, boundary=None)
09:23 INFO    : inclination_EM=Sine(minimum=0.0, maximum=1.5707963267948966, name='inclination_EM', latex_label='$\\iota$', unit=None, boundary=None)
09:23 INFO    : timeshift=0.0
09:23 INFO    : luminosity_distance=40.0
09:23 INFO    : Ebv=0.0
09:23 INFO    : Analysis likelihood class: <class 'nmma.em.likelihood.OpticalLightCurve'>
09:23 INFO    : Analysis likelihood noise evidence: 0.0
09:23 INFO    : Single likelihood evaluation took nan s
09:23 WARNING : Supplied argument 'queue_size' not an argument of 'Pymultinest', removing.
09:23 WARNING : Supplied argument 'check_point_delta_t' not an argument of 'Pymultinest', removing.
09:23 INFO    : Using sampler Pymultinest with kwargs {'importance_nested_sampling': False, 'resume': True, 'verbose': True, 'sampling_efficiency': 'parameter', 'n_live_points': 512, 'n_params': 7, 'n_clustering_params': None, 'wrapped_params': None, 'multimodal': True, 'const_efficiency_mode': False, 'evidence_tolerance': 0.5, 'n_iter_before_update': 100, 'null_log_evidence': -1e+90, 'max_modes': 100, 'mode_tolerance': -1e+90, 'seed': 42, 'context': 0, 'write_output': True, 'log_zero': -1e+100, 'max_iter': 0, 'init_MPI': False, 'dump_callback': <bound method Pymultinest._dump_callback of <bilby.core.sampler.pymultinest.Pymultinest object at 0x7f9f94527df0>>}
09:23 INFO    : Using temporary file /tmp/tmp_w0qjob9
09:24 INFO    : Overwriting outdir/uniform//pm_injection/ with /tmp/tmp_w0qjob9/
09:25 INFO    : Overwriting outdir/uniform//pm_injection/ with /tmp/tmp_w0qjob9/
09:26 INFO    : Overwriting outdir/uniform//pm_injection/ with /tmp/tmp_w0qjob9/
09:27 INFO    : Overwriting outdir/uniform//pm_injection/ with /tmp/tmp_w0qjob9/
09:28 INFO    : Overwriting outdir/uniform//pm_injection/ with /tmp/tmp_w0qjob9/
09:29 INFO    : Overwriting outdir/uniform//pm_injection/ with /tmp/tmp_w0qjob9/
09:30 INFO    : Overwriting outdir/uniform//pm_injection/ with /tmp/tmp_w0qjob9/
09:31 INFO    : Overwriting outdir/uniform//pm_injection/ with /tmp/tmp_w0qjob9/
09:32 INFO    : Overwriting outdir/uniform//pm_injection/ with /tmp/tmp_w0qjob9/
09:32 INFO    : Overwriting outdir/uniform//pm_injection/ with /tmp/tmp_w0qjob9/
09:32 INFO    : Overwriting outdir/uniform//pm_injection/ with /tmp/tmp_w0qjob9/
09:32 INFO    : Sampling time: 0:08:44.926962
09:32 INFO    : Summary of results:
nsamples: 3994
ln_noise_evidence:  0.000
ln_evidence: -192.364 +/-  0.157
ln_bayes_factor: -192.364 +/-  0.157

09:32 INFO    : Writing samples file to /home/mbulla/nmma/outdir/uniform/injection_posterior_samples.dat
