09:47 INFO    : Running for label 'injection', output will be saved to 'outdir/uniform_nlive1024/'
09:47 INFO    : Analysis priors:
09:47 INFO    : log10_mej_dyn=Uniform(minimum=-3.0, maximum=-1.7, name='log10_mej_dyn', latex_label='$\\log_{10}M^{\\rm{dyn}}_{\\rm{ej}}$', unit=None, boundary=None)
09:47 INFO    : vej_dyn=Uniform(minimum=0.12, maximum=0.25, name='vej_dyn', latex_label='$V^{\\rm{dyn}}_{\\rm{ej}}$', unit=None, boundary=None)
09:47 INFO    : Yedyn=Uniform(minimum=0.15, maximum=0.3, name='Yedyn', latex_label='$Y_{\\rm{edyn}}$', unit=None, boundary=None)
09:47 INFO    : log10_mej_wind=Uniform(minimum=-2.0, maximum=-0.89, name='log10_mej_wind', latex_label='$\\log_{10}M^{\\rm{wind}}_{\\rm{ej}}$', unit=None, boundary=None)
09:47 INFO    : vej_wind=Uniform(minimum=0.03, maximum=0.15, name='vej_wind', latex_label='$V^{\\rm{wind}}_{\\rm{ej}}$', unit=None, boundary=None)
09:47 INFO    : Yewind=Uniform(minimum=0.2, maximum=0.4, name='Yewind', latex_label='$Y_{\\rm{ewind}}$', unit=None, boundary=None)
09:47 INFO    : inclination_EM=Sine(minimum=0.0, maximum=1.5707963267948966, name='inclination_EM', latex_label='$\\iota$', unit=None, boundary=None)
09:47 INFO    : timeshift=0.0
09:47 INFO    : luminosity_distance=40.0
09:47 INFO    : Ebv=0.0
09:47 INFO    : Analysis likelihood class: <class 'nmma.em.likelihood.OpticalLightCurve'>
09:47 INFO    : Analysis likelihood noise evidence: 0.0
09:47 INFO    : Single likelihood evaluation took nan s
09:47 WARNING : Supplied argument 'queue_size' not an argument of 'Pymultinest', removing.
09:47 WARNING : Supplied argument 'check_point_delta_t' not an argument of 'Pymultinest', removing.
09:47 INFO    : Using sampler Pymultinest with kwargs {'importance_nested_sampling': False, 'resume': True, 'verbose': True, 'sampling_efficiency': 'parameter', 'n_live_points': 1024, 'n_params': 7, 'n_clustering_params': None, 'wrapped_params': None, 'multimodal': True, 'const_efficiency_mode': False, 'evidence_tolerance': 0.5, 'n_iter_before_update': 100, 'null_log_evidence': -1e+90, 'max_modes': 100, 'mode_tolerance': -1e+90, 'seed': 42, 'context': 0, 'write_output': True, 'log_zero': -1e+100, 'max_iter': 0, 'init_MPI': False, 'dump_callback': <bound method Pymultinest._dump_callback of <bilby.core.sampler.pymultinest.Pymultinest object at 0x7fe70430d0c0>>}
09:47 INFO    : Using temporary file /tmp/tmpciu_ryio
09:48 INFO    : Overwriting outdir/uniform_nlive1024//pm_injection/ with /tmp/tmpciu_ryio/
09:49 INFO    : Overwriting outdir/uniform_nlive1024//pm_injection/ with /tmp/tmpciu_ryio/
09:50 INFO    : Overwriting outdir/uniform_nlive1024//pm_injection/ with /tmp/tmpciu_ryio/
09:51 INFO    : Overwriting outdir/uniform_nlive1024//pm_injection/ with /tmp/tmpciu_ryio/
09:52 INFO    : Overwriting outdir/uniform_nlive1024//pm_injection/ with /tmp/tmpciu_ryio/
09:53 INFO    : Overwriting outdir/uniform_nlive1024//pm_injection/ with /tmp/tmpciu_ryio/
09:54 INFO    : Overwriting outdir/uniform_nlive1024//pm_injection/ with /tmp/tmpciu_ryio/
09:55 INFO    : Overwriting outdir/uniform_nlive1024//pm_injection/ with /tmp/tmpciu_ryio/
09:56 INFO    : Overwriting outdir/uniform_nlive1024//pm_injection/ with /tmp/tmpciu_ryio/
09:57 INFO    : Overwriting outdir/uniform_nlive1024//pm_injection/ with /tmp/tmpciu_ryio/
09:58 INFO    : Overwriting outdir/uniform_nlive1024//pm_injection/ with /tmp/tmpciu_ryio/
09:59 INFO    : Overwriting outdir/uniform_nlive1024//pm_injection/ with /tmp/tmpciu_ryio/
10:01 INFO    : Overwriting outdir/uniform_nlive1024//pm_injection/ with /tmp/tmpciu_ryio/
10:02 INFO    : Overwriting outdir/uniform_nlive1024//pm_injection/ with /tmp/tmpciu_ryio/
10:03 INFO    : Overwriting outdir/uniform_nlive1024//pm_injection/ with /tmp/tmpciu_ryio/
10:04 INFO    : Overwriting outdir/uniform_nlive1024//pm_injection/ with /tmp/tmpciu_ryio/
10:06 INFO    : Overwriting outdir/uniform_nlive1024//pm_injection/ with /tmp/tmpciu_ryio/
10:07 INFO    : Overwriting outdir/uniform_nlive1024//pm_injection/ with /tmp/tmpciu_ryio/
10:07 INFO    : Overwriting outdir/uniform_nlive1024//pm_injection/ with /tmp/tmpciu_ryio/
10:07 INFO    : Overwriting outdir/uniform_nlive1024//pm_injection/ with /tmp/tmpciu_ryio/
10:07 INFO    : Overwriting outdir/uniform_nlive1024//pm_injection/ with /tmp/tmpciu_ryio/
10:07 INFO    : Sampling time: 0:19:40.107386
10:07 INFO    : Summary of results:
nsamples: 8266
ln_noise_evidence:  0.000
ln_evidence: -192.030 +/-  0.110
ln_bayes_factor: -192.030 +/-  0.110

10:07 INFO    : Writing samples file to /home/mbulla/nmma/outdir/uniform_nlive1024/injection_posterior_samples.dat
